{"C:\\marvelApp\\src\\components\\CardHero\\index.js": {"path":"C:\\marvelApp\\src\\components\\CardHero\\index.js","statementMap":{"0":{"start":{"line":8,"column":21},"end":{"line":8,"column":36}},"1":{"start":{"line":9,"column":2},"end":{"line":24,"column":4}},"2":{"start":{"line":12,"column":21},"end":{"line":12,"column":71}},"3":{"start":{"line":27,"column":15},"end":{"line":34,"column":2}}},"fnMap":{"0":{"name":"CardHero","decl":{"start":{"line":7,"column":9},"end":{"line":7,"column":17}},"loc":{"start":{"line":7,"column":28},"end":{"line":25,"column":1}},"line":7},"1":{"name":"(anonymous_1)","decl":{"start":{"line":12,"column":15},"end":{"line":12,"column":16}},"loc":{"start":{"line":12,"column":21},"end":{"line":12,"column":71}},"line":12}},"branchMap":{},"s":{"0":2,"1":2,"2":1,"3":1},"f":{"0":2,"1":1},"b":{},"_coverageSchema":"1a1c01bbd47fc00a2c39e90264f33305004495a9","hash":"f3037b1dc2d989f62a133824529752440493e599"}
,"C:\\marvelApp\\src\\components\\CardHero\\styles.js": {"path":"C:\\marvelApp\\src\\components\\CardHero\\styles.js","statementMap":{"0":{"start":{"line":4,"column":25},"end":{"line":6,"column":1}},"1":{"start":{"line":8,"column":20},"end":{"line":12,"column":1}}},"fnMap":{},"branchMap":{},"s":{"0":1,"1":1},"f":{},"b":{},"_coverageSchema":"1a1c01bbd47fc00a2c39e90264f33305004495a9","hash":"bad8f9063eae8134e1fc7ac0691f21305169a537"}
,"C:\\marvelApp\\src\\components\\Loader\\index.js": {"path":"C:\\marvelApp\\src\\components\\Loader\\index.js","statementMap":{"0":{"start":{"line":10,"column":22},"end":{"line":10,"column":33}},"1":{"start":{"line":12,"column":2},"end":{"line":14,"column":3}},"2":{"start":{"line":13,"column":4},"end":{"line":13,"column":49}},"3":{"start":{"line":16,"column":2},"end":{"line":20,"column":4}}},"fnMap":{"0":{"name":"Loader","decl":{"start":{"line":9,"column":9},"end":{"line":9,"column":15}},"loc":{"start":{"line":9,"column":18},"end":{"line":21,"column":1}},"line":9}},"branchMap":{"0":{"loc":{"start":{"line":12,"column":2},"end":{"line":14,"column":3}},"type":"if","locations":[{"start":{"line":12,"column":2},"end":{"line":14,"column":3}},{"start":{"line":12,"column":2},"end":{"line":14,"column":3}}],"line":12}},"s":{"0":2,"1":2,"2":1,"3":1},"f":{"0":2},"b":{"0":[1,1]},"_coverageSchema":"1a1c01bbd47fc00a2c39e90264f33305004495a9","hash":"dcf71c601d73b737571b49d39ae6b351b30a570d"}
,"C:\\marvelApp\\src\\components\\Loader\\styles.js": {"path":"C:\\marvelApp\\src\\components\\Loader\\styles.js","statementMap":{"0":{"start":{"line":3,"column":25},"end":{"line":5,"column":1}}},"fnMap":{},"branchMap":{},"s":{"0":1},"f":{},"b":{},"_coverageSchema":"1a1c01bbd47fc00a2c39e90264f33305004495a9","hash":"7b1e717e8069392cd007ce3026fe8e5f4503fd5e"}
,"C:\\marvelApp\\src\\components\\Search\\index.js": {"path":"C:\\marvelApp\\src\\components\\Search\\index.js","statementMap":{"0":{"start":{"line":12,"column":64},"end":{"line":12,"column":75}},"1":{"start":{"line":13,"column":2},"end":{"line":31,"column":4}},"2":{"start":{"line":22,"column":12},"end":{"line":24,"column":13}},"3":{"start":{"line":23,"column":14},"end":{"line":23,"column":38}},"4":{"start":{"line":25,"column":12},"end":{"line":25,"column":28}},"5":{"start":{"line":27,"column":33},"end":{"line":27,"column":47}},"6":{"start":{"line":34,"column":15},"end":{"line":43,"column":2}}},"fnMap":{"0":{"name":"Search","decl":{"start":{"line":11,"column":9},"end":{"line":11,"column":15}},"loc":{"start":{"line":11,"column":18},"end":{"line":32,"column":1}},"line":11},"1":{"name":"(anonymous_1)","decl":{"start":{"line":21,"column":24},"end":{"line":21,"column":25}},"loc":{"start":{"line":21,"column":34},"end":{"line":26,"column":11}},"line":21},"2":{"name":"(anonymous_2)","decl":{"start":{"line":27,"column":27},"end":{"line":27,"column":28}},"loc":{"start":{"line":27,"column":33},"end":{"line":27,"column":47}},"line":27}},"branchMap":{"0":{"loc":{"start":{"line":22,"column":12},"end":{"line":24,"column":13}},"type":"if","locations":[{"start":{"line":22,"column":12},"end":{"line":24,"column":13}},{"start":{"line":22,"column":12},"end":{"line":24,"column":13}}],"line":22}},"s":{"0":3,"1":3,"2":2,"3":1,"4":2,"5":1,"6":1},"f":{"0":3,"1":2,"2":1},"b":{"0":[1,1]},"_coverageSchema":"1a1c01bbd47fc00a2c39e90264f33305004495a9","hash":"6d041e1328662b51a3ac323a661d7dcf530a4160"}
,"C:\\marvelApp\\src\\components\\Search\\styles.js": {"path":"C:\\marvelApp\\src\\components\\Search\\styles.js","statementMap":{"0":{"start":{"line":4,"column":25},"end":{"line":7,"column":1}},"1":{"start":{"line":9,"column":30},"end":{"line":15,"column":1}}},"fnMap":{},"branchMap":{},"s":{"0":1,"1":1},"f":{},"b":{},"_coverageSchema":"1a1c01bbd47fc00a2c39e90264f33305004495a9","hash":"6666d171b00b2cc20e5a03acc3ad4b2a2c9ce8ec"}
,"C:\\marvelApp\\src\\context\\Heroes.js": {"path":"C:\\marvelApp\\src\\context\\Heroes.js","statementMap":{"0":{"start":{"line":6,"column":22},"end":{"line":6,"column":37}},"1":{"start":{"line":9,"column":38},"end":{"line":9,"column":50}},"2":{"start":{"line":10,"column":30},"end":{"line":10,"column":41}},"3":{"start":{"line":11,"column":28},"end":{"line":11,"column":39}},"4":{"start":{"line":13,"column":50},"end":{"line":13,"column":62}},"5":{"start":{"line":14,"column":42},"end":{"line":14,"column":53}},"6":{"start":{"line":15,"column":40},"end":{"line":15,"column":51}},"7":{"start":{"line":16,"column":30},"end":{"line":16,"column":42}},"8":{"start":{"line":17,"column":44},"end":{"line":17,"column":59}},"9":{"start":{"line":19,"column":32},"end":{"line":19,"column":46}},"10":{"start":{"line":21,"column":2},"end":{"line":23,"column":9}},"11":{"start":{"line":22,"column":4},"end":{"line":22,"column":21}},"12":{"start":{"line":26,"column":4},"end":{"line":45,"column":5}},"13":{"start":{"line":27,"column":6},"end":{"line":27,"column":23}},"14":{"start":{"line":28,"column":6},"end":{"line":43,"column":7}},"15":{"start":{"line":29,"column":21},"end":{"line":29,"column":31}},"16":{"start":{"line":30,"column":25},"end":{"line":34,"column":9}},"17":{"start":{"line":35,"column":8},"end":{"line":37,"column":9}},"18":{"start":{"line":36,"column":10},"end":{"line":36,"column":45}},"19":{"start":{"line":39,"column":8},"end":{"line":39,"column":70}},"20":{"start":{"line":40,"column":8},"end":{"line":40,"column":50}},"21":{"start":{"line":42,"column":8},"end":{"line":42,"column":43}},"22":{"start":{"line":44,"column":6},"end":{"line":44,"column":24}},"23":{"start":{"line":49,"column":4},"end":{"line":54,"column":5}},"24":{"start":{"line":50,"column":6},"end":{"line":50,"column":25}},"25":{"start":{"line":51,"column":6},"end":{"line":51,"column":24}},"26":{"start":{"line":52,"column":6},"end":{"line":52,"column":30}},"27":{"start":{"line":53,"column":6},"end":{"line":53,"column":13}},"28":{"start":{"line":56,"column":4},"end":{"line":79,"column":5}},"29":{"start":{"line":57,"column":6},"end":{"line":57,"column":23}},"30":{"start":{"line":58,"column":6},"end":{"line":58,"column":29}},"31":{"start":{"line":59,"column":6},"end":{"line":77,"column":7}},"32":{"start":{"line":60,"column":21},"end":{"line":60,"column":31}},"33":{"start":{"line":61,"column":25},"end":{"line":65,"column":9}},"34":{"start":{"line":66,"column":8},"end":{"line":66,"column":48}},"35":{"start":{"line":68,"column":8},"end":{"line":68,"column":49}},"36":{"start":{"line":70,"column":8},"end":{"line":70,"column":56}},"37":{"start":{"line":71,"column":8},"end":{"line":74,"column":11}},"38":{"start":{"line":76,"column":8},"end":{"line":76,"column":43}},"39":{"start":{"line":78,"column":6},"end":{"line":78,"column":24}},"40":{"start":{"line":82,"column":2},"end":{"line":98,"column":4}},"41":{"start":{"line":102,"column":18},"end":{"line":102,"column":43}},"42":{"start":{"line":104,"column":2},"end":{"line":106,"column":3}},"43":{"start":{"line":105,"column":4},"end":{"line":105,"column":70}},"44":{"start":{"line":118,"column":6},"end":{"line":118,"column":13}},"45":{"start":{"line":120,"column":2},"end":{"line":130,"column":4}}},"fnMap":{"0":{"name":"HeroesProvider","decl":{"start":{"line":8,"column":24},"end":{"line":8,"column":38}},"loc":{"start":{"line":8,"column":53},"end":{"line":99,"column":1}},"line":8},"1":{"name":"(anonymous_1)","decl":{"start":{"line":21,"column":12},"end":{"line":21,"column":13}},"loc":{"start":{"line":21,"column":18},"end":{"line":23,"column":3}},"line":21},"2":{"name":"loadListHeroes","decl":{"start":{"line":25,"column":17},"end":{"line":25,"column":31}},"loc":{"start":{"line":25,"column":34},"end":{"line":46,"column":3}},"line":25},"3":{"name":"searchHeroes","decl":{"start":{"line":48,"column":17},"end":{"line":48,"column":29}},"loc":{"start":{"line":48,"column":32},"end":{"line":80,"column":3}},"line":48},"4":{"name":"useHeroes","decl":{"start":{"line":101,"column":16},"end":{"line":101,"column":25}},"loc":{"start":{"line":101,"column":28},"end":{"line":131,"column":1}},"line":101}},"branchMap":{"0":{"loc":{"start":{"line":26,"column":4},"end":{"line":45,"column":5}},"type":"if","locations":[{"start":{"line":26,"column":4},"end":{"line":45,"column":5}},{"start":{"line":26,"column":4},"end":{"line":45,"column":5}}],"line":26},"1":{"loc":{"start":{"line":35,"column":8},"end":{"line":37,"column":9}},"type":"if","locations":[{"start":{"line":35,"column":8},"end":{"line":37,"column":9}},{"start":{"line":35,"column":8},"end":{"line":37,"column":9}}],"line":35},"2":{"loc":{"start":{"line":49,"column":4},"end":{"line":54,"column":5}},"type":"if","locations":[{"start":{"line":49,"column":4},"end":{"line":54,"column":5}},{"start":{"line":49,"column":4},"end":{"line":54,"column":5}}],"line":49},"3":{"loc":{"start":{"line":56,"column":4},"end":{"line":79,"column":5}},"type":"if","locations":[{"start":{"line":56,"column":4},"end":{"line":79,"column":5}},{"start":{"line":56,"column":4},"end":{"line":79,"column":5}}],"line":56},"4":{"loc":{"start":{"line":104,"column":2},"end":{"line":106,"column":3}},"type":"if","locations":[{"start":{"line":104,"column":2},"end":{"line":106,"column":3}},{"start":{"line":104,"column":2},"end":{"line":106,"column":3}}],"line":104}},"s":{"0":0,"1":0,"2":0,"3":0,"4":0,"5":0,"6":0,"7":0,"8":0,"9":0,"10":0,"11":0,"12":0,"13":0,"14":0,"15":0,"16":0,"17":0,"18":0,"19":0,"20":0,"21":0,"22":0,"23":0,"24":0,"25":0,"26":0,"27":0,"28":0,"29":0,"30":0,"31":0,"32":0,"33":0,"34":0,"35":0,"36":0,"37":0,"38":0,"39":0,"40":0,"41":0,"42":0,"43":0,"44":0,"45":0},"f":{"0":0,"1":0,"2":0,"3":0,"4":0},"b":{"0":[0,0],"1":[0,0],"2":[0,0],"3":[0,0],"4":[0,0]}}
,"C:\\marvelApp\\src\\pages\\Description\\index.js": {"path":"C:\\marvelApp\\src\\pages\\Description\\index.js","statementMap":{"0":{"start":{"line":21,"column":19},"end":{"line":21,"column":31}},"1":{"start":{"line":23,"column":2},"end":{"line":64,"column":4}},"2":{"start":{"line":67,"column":15},"end":{"line":78,"column":2}}},"fnMap":{"0":{"name":"Description","decl":{"start":{"line":20,"column":9},"end":{"line":20,"column":20}},"loc":{"start":{"line":20,"column":32},"end":{"line":65,"column":1}},"line":20}},"branchMap":{"0":{"loc":{"start":{"line":37,"column":11},"end":{"line":42,"column":11}},"type":"binary-expr","locations":[{"start":{"line":37,"column":11},"end":{"line":37,"column":34}},{"start":{"line":38,"column":12},"end":{"line":41,"column":20}}],"line":37}},"s":{"0":0,"1":0,"2":0},"f":{"0":0},"b":{"0":[0,0]}}
,"C:\\marvelApp\\src\\pages\\Description\\styles.js": {"path":"C:\\marvelApp\\src\\pages\\Description\\styles.js","statementMap":{"0":{"start":{"line":4,"column":25},"end":{"line":7,"column":1}},"1":{"start":{"line":9,"column":23},"end":{"line":11,"column":1}},"2":{"start":{"line":13,"column":22},"end":{"line":16,"column":1}},"3":{"start":{"line":18,"column":23},"end":{"line":21,"column":1}},"4":{"start":{"line":23,"column":20},"end":{"line":28,"column":1}},"5":{"start":{"line":30,"column":21},"end":{"line":32,"column":1}},"6":{"start":{"line":34,"column":28},"end":{"line":37,"column":1}},"7":{"start":{"line":39,"column":31},"end":{"line":42,"column":1}},"8":{"start":{"line":44,"column":27},"end":{"line":48,"column":1}},"9":{"start":{"line":50,"column":37},"end":{"line":52,"column":1}},"10":{"start":{"line":54,"column":20},"end":{"line":57,"column":1}}},"fnMap":{},"branchMap":{},"s":{"0":0,"1":0,"2":0,"3":0,"4":0,"5":0,"6":0,"7":0,"8":0,"9":0,"10":0},"f":{},"b":{}}
,"C:\\marvelApp\\src\\pages\\Home\\index.js": {"path":"C:\\marvelApp\\src\\pages\\Home\\index.js","statementMap":{"0":{"start":{"line":18,"column":6},"end":{"line":18,"column":17}},"1":{"start":{"line":20,"column":2},"end":{"line":43,"column":4}},"2":{"start":{"line":26,"column":42},"end":{"line":26,"column":66}},"3":{"start":{"line":27,"column":34},"end":{"line":27,"column":43}},"4":{"start":{"line":35,"column":42},"end":{"line":35,"column":66}},"5":{"start":{"line":36,"column":34},"end":{"line":36,"column":43}},"6":{"start":{"line":37,"column":30},"end":{"line":37,"column":50}}},"fnMap":{"0":{"name":"Home","decl":{"start":{"line":11,"column":9},"end":{"line":11,"column":13}},"loc":{"start":{"line":11,"column":16},"end":{"line":44,"column":1}},"line":11},"1":{"name":"(anonymous_1)","decl":{"start":{"line":26,"column":22},"end":{"line":26,"column":23}},"loc":{"start":{"line":26,"column":42},"end":{"line":26,"column":66}},"line":26},"2":{"name":"(anonymous_2)","decl":{"start":{"line":27,"column":24},"end":{"line":27,"column":25}},"loc":{"start":{"line":27,"column":34},"end":{"line":27,"column":43}},"line":27},"3":{"name":"(anonymous_3)","decl":{"start":{"line":35,"column":22},"end":{"line":35,"column":23}},"loc":{"start":{"line":35,"column":42},"end":{"line":35,"column":66}},"line":35},"4":{"name":"(anonymous_4)","decl":{"start":{"line":36,"column":24},"end":{"line":36,"column":25}},"loc":{"start":{"line":36,"column":34},"end":{"line":36,"column":43}},"line":36},"5":{"name":"(anonymous_5)","decl":{"start":{"line":37,"column":24},"end":{"line":37,"column":25}},"loc":{"start":{"line":37,"column":30},"end":{"line":37,"column":50}},"line":37}},"branchMap":{"0":{"loc":{"start":{"line":23,"column":7},"end":{"line":41,"column":7}},"type":"cond-expr","locations":[{"start":{"line":24,"column":8},"end":{"line":31,"column":10}},{"start":{"line":33,"column":8},"end":{"line":40,"column":10}}],"line":23}},"s":{"0":0,"1":0,"2":0,"3":0,"4":0,"5":0,"6":0},"f":{"0":0,"1":0,"2":0,"3":0,"4":0,"5":0},"b":{"0":[0,0]}}
,"C:\\marvelApp\\src\\pages\\Home\\styles.js": {"path":"C:\\marvelApp\\src\\pages\\Home\\styles.js","statementMap":{"0":{"start":{"line":4,"column":25},"end":{"line":7,"column":1}}},"fnMap":{},"branchMap":{},"s":{"0":0},"f":{},"b":{}}
}
