{"C:\\marvelApp\\src\\components\\CardHero\\index.js": {"path":"C:\\marvelApp\\src\\components\\CardHero\\index.js","statementMap":{"0":{"start":{"line":8,"column":22},"end":{"line":8,"column":33}},"1":{"start":{"line":9,"column":21},"end":{"line":9,"column":36}},"2":{"start":{"line":10,"column":2},"end":{"line":28,"column":4}},"3":{"start":{"line":14,"column":8},"end":{"line":14,"column":22}},"4":{"start":{"line":15,"column":8},"end":{"line":15,"column":43}},"5":{"start":{"line":31,"column":15},"end":{"line":38,"column":2}}},"fnMap":{"0":{"name":"CardHero","decl":{"start":{"line":7,"column":9},"end":{"line":7,"column":17}},"loc":{"start":{"line":7,"column":28},"end":{"line":29,"column":1}},"line":7},"1":{"name":"(anonymous_1)","decl":{"start":{"line":13,"column":15},"end":{"line":13,"column":16}},"loc":{"start":{"line":13,"column":21},"end":{"line":16,"column":7}},"line":13}},"branchMap":{},"s":{"0":4,"1":4,"2":4,"3":1,"4":1,"5":2},"f":{"0":4,"1":1},"b":{},"_coverageSchema":"1a1c01bbd47fc00a2c39e90264f33305004495a9","hash":"fdd9deca489b60335a1da39c4f410bbc1f73fdc3"}
,"C:\\marvelApp\\src\\components\\CardHero\\styles.js": {"path":"C:\\marvelApp\\src\\components\\CardHero\\styles.js","statementMap":{"0":{"start":{"line":4,"column":25},"end":{"line":6,"column":1}},"1":{"start":{"line":8,"column":20},"end":{"line":12,"column":1}}},"fnMap":{},"branchMap":{},"s":{"0":2,"1":2},"f":{},"b":{},"_coverageSchema":"1a1c01bbd47fc00a2c39e90264f33305004495a9","hash":"bad8f9063eae8134e1fc7ac0691f21305169a537"}
,"C:\\marvelApp\\src\\components\\Loader\\index.js": {"path":"C:\\marvelApp\\src\\components\\Loader\\index.js","statementMap":{"0":{"start":{"line":10,"column":22},"end":{"line":10,"column":33}},"1":{"start":{"line":12,"column":2},"end":{"line":14,"column":3}},"2":{"start":{"line":13,"column":4},"end":{"line":13,"column":49}},"3":{"start":{"line":16,"column":2},"end":{"line":20,"column":4}}},"fnMap":{"0":{"name":"Loader","decl":{"start":{"line":9,"column":9},"end":{"line":9,"column":15}},"loc":{"start":{"line":9,"column":18},"end":{"line":21,"column":1}},"line":9}},"branchMap":{"0":{"loc":{"start":{"line":12,"column":2},"end":{"line":14,"column":3}},"type":"if","locations":[{"start":{"line":12,"column":2},"end":{"line":14,"column":3}},{"start":{"line":12,"column":2},"end":{"line":14,"column":3}}],"line":12}},"s":{"0":4,"1":4,"2":3,"3":1},"f":{"0":4},"b":{"0":[3,1]},"_coverageSchema":"1a1c01bbd47fc00a2c39e90264f33305004495a9","hash":"dcf71c601d73b737571b49d39ae6b351b30a570d"}
,"C:\\marvelApp\\src\\components\\Loader\\styles.js": {"path":"C:\\marvelApp\\src\\components\\Loader\\styles.js","statementMap":{"0":{"start":{"line":3,"column":25},"end":{"line":5,"column":1}}},"fnMap":{},"branchMap":{},"s":{"0":2},"f":{},"b":{},"_coverageSchema":"1a1c01bbd47fc00a2c39e90264f33305004495a9","hash":"7b1e717e8069392cd007ce3026fe8e5f4503fd5e"}
,"C:\\marvelApp\\src\\components\\Search\\index.js": {"path":"C:\\marvelApp\\src\\components\\Search\\index.js","statementMap":{"0":{"start":{"line":12,"column":64},"end":{"line":12,"column":75}},"1":{"start":{"line":13,"column":2},"end":{"line":33,"column":4}},"2":{"start":{"line":22,"column":12},"end":{"line":22,"column":28}},"3":{"start":{"line":23,"column":12},"end":{"line":25,"column":13}},"4":{"start":{"line":24,"column":14},"end":{"line":24,"column":38}},"5":{"start":{"line":28,"column":12},"end":{"line":28,"column":27}},"6":{"start":{"line":36,"column":15},"end":{"line":45,"column":2}}},"fnMap":{"0":{"name":"Search","decl":{"start":{"line":11,"column":9},"end":{"line":11,"column":15}},"loc":{"start":{"line":11,"column":18},"end":{"line":34,"column":1}},"line":11},"1":{"name":"(anonymous_1)","decl":{"start":{"line":21,"column":24},"end":{"line":21,"column":25}},"loc":{"start":{"line":21,"column":34},"end":{"line":26,"column":11}},"line":21},"2":{"name":"(anonymous_2)","decl":{"start":{"line":27,"column":27},"end":{"line":27,"column":28}},"loc":{"start":{"line":27,"column":33},"end":{"line":29,"column":11}},"line":27}},"branchMap":{"0":{"loc":{"start":{"line":23,"column":12},"end":{"line":25,"column":13}},"type":"if","locations":[{"start":{"line":23,"column":12},"end":{"line":25,"column":13}},{"start":{"line":23,"column":12},"end":{"line":25,"column":13}}],"line":23}},"s":{"0":5,"1":5,"2":2,"3":2,"4":1,"5":1,"6":2},"f":{"0":5,"1":2,"2":1},"b":{"0":[1,1]},"_coverageSchema":"1a1c01bbd47fc00a2c39e90264f33305004495a9","hash":"94b23b8edceea5a6d7d901f5bb97c0fd1c334d7f"}
,"C:\\marvelApp\\src\\components\\Search\\styles.js": {"path":"C:\\marvelApp\\src\\components\\Search\\styles.js","statementMap":{"0":{"start":{"line":4,"column":25},"end":{"line":7,"column":1}},"1":{"start":{"line":9,"column":30},"end":{"line":15,"column":1}}},"fnMap":{},"branchMap":{},"s":{"0":2,"1":2},"f":{},"b":{},"_coverageSchema":"1a1c01bbd47fc00a2c39e90264f33305004495a9","hash":"6666d171b00b2cc20e5a03acc3ad4b2a2c9ce8ec"}
,"C:\\marvelApp\\src\\context\\Heroes.js": {"path":"C:\\marvelApp\\src\\context\\Heroes.js","statementMap":{"0":{"start":{"line":6,"column":22},"end":{"line":6,"column":37}},"1":{"start":{"line":9,"column":26},"end":{"line":9,"column":38}},"2":{"start":{"line":11,"column":38},"end":{"line":11,"column":50}},"3":{"start":{"line":12,"column":30},"end":{"line":12,"column":41}},"4":{"start":{"line":13,"column":28},"end":{"line":13,"column":39}},"5":{"start":{"line":15,"column":50},"end":{"line":15,"column":62}},"6":{"start":{"line":16,"column":42},"end":{"line":16,"column":53}},"7":{"start":{"line":17,"column":40},"end":{"line":17,"column":51}},"8":{"start":{"line":18,"column":30},"end":{"line":18,"column":42}},"9":{"start":{"line":19,"column":44},"end":{"line":19,"column":59}},"10":{"start":{"line":21,"column":32},"end":{"line":21,"column":46}},"11":{"start":{"line":23,"column":2},"end":{"line":25,"column":9}},"12":{"start":{"line":24,"column":4},"end":{"line":24,"column":21}},"13":{"start":{"line":29,"column":4},"end":{"line":47,"column":5}},"14":{"start":{"line":30,"column":6},"end":{"line":30,"column":23}},"15":{"start":{"line":31,"column":6},"end":{"line":45,"column":7}},"16":{"start":{"line":32,"column":21},"end":{"line":32,"column":31}},"17":{"start":{"line":33,"column":25},"end":{"line":37,"column":9}},"18":{"start":{"line":39,"column":8},"end":{"line":39,"column":43}},"19":{"start":{"line":41,"column":8},"end":{"line":41,"column":70}},"20":{"start":{"line":42,"column":8},"end":{"line":42,"column":50}},"21":{"start":{"line":44,"column":8},"end":{"line":44,"column":45}},"22":{"start":{"line":46,"column":6},"end":{"line":46,"column":24}},"23":{"start":{"line":52,"column":4},"end":{"line":56,"column":5}},"24":{"start":{"line":53,"column":6},"end":{"line":53,"column":25}},"25":{"start":{"line":54,"column":6},"end":{"line":54,"column":24}},"26":{"start":{"line":55,"column":6},"end":{"line":55,"column":30}},"27":{"start":{"line":58,"column":4},"end":{"line":60,"column":5}},"28":{"start":{"line":59,"column":6},"end":{"line":59,"column":13}},"29":{"start":{"line":63,"column":4},"end":{"line":86,"column":5}},"30":{"start":{"line":64,"column":6},"end":{"line":64,"column":23}},"31":{"start":{"line":65,"column":6},"end":{"line":65,"column":29}},"32":{"start":{"line":66,"column":6},"end":{"line":84,"column":7}},"33":{"start":{"line":67,"column":21},"end":{"line":67,"column":31}},"34":{"start":{"line":68,"column":25},"end":{"line":72,"column":9}},"35":{"start":{"line":74,"column":8},"end":{"line":74,"column":49}},"36":{"start":{"line":76,"column":8},"end":{"line":76,"column":56}},"37":{"start":{"line":77,"column":8},"end":{"line":81,"column":10}},"38":{"start":{"line":83,"column":8},"end":{"line":83,"column":45}},"39":{"start":{"line":85,"column":6},"end":{"line":85,"column":24}},"40":{"start":{"line":89,"column":2},"end":{"line":107,"column":4}},"41":{"start":{"line":111,"column":18},"end":{"line":111,"column":43}},"42":{"start":{"line":113,"column":2},"end":{"line":115,"column":3}},"43":{"start":{"line":114,"column":4},"end":{"line":114,"column":70}},"44":{"start":{"line":129,"column":6},"end":{"line":129,"column":13}},"45":{"start":{"line":131,"column":2},"end":{"line":143,"column":4}}},"fnMap":{"0":{"name":"HeroesProvider","decl":{"start":{"line":8,"column":24},"end":{"line":8,"column":38}},"loc":{"start":{"line":8,"column":53},"end":{"line":108,"column":1}},"line":8},"1":{"name":"(anonymous_1)","decl":{"start":{"line":23,"column":12},"end":{"line":23,"column":13}},"loc":{"start":{"line":23,"column":18},"end":{"line":25,"column":3}},"line":23},"2":{"name":"loadListHeroes","decl":{"start":{"line":27,"column":17},"end":{"line":27,"column":31}},"loc":{"start":{"line":27,"column":34},"end":{"line":48,"column":3}},"line":27},"3":{"name":"searchHeroes","decl":{"start":{"line":50,"column":17},"end":{"line":50,"column":29}},"loc":{"start":{"line":50,"column":48},"end":{"line":87,"column":3}},"line":50},"4":{"name":"useHeroes","decl":{"start":{"line":110,"column":16},"end":{"line":110,"column":25}},"loc":{"start":{"line":110,"column":28},"end":{"line":144,"column":1}},"line":110}},"branchMap":{"0":{"loc":{"start":{"line":29,"column":4},"end":{"line":47,"column":5}},"type":"if","locations":[{"start":{"line":29,"column":4},"end":{"line":47,"column":5}}],"line":29},"1":{"loc":{"start":{"line":50,"column":30},"end":{"line":50,"column":46}},"type":"default-arg","locations":[{"start":{"line":50,"column":42},"end":{"line":50,"column":46}}],"line":50},"2":{"loc":{"start":{"line":52,"column":4},"end":{"line":56,"column":5}},"type":"if","locations":[{"start":{"line":52,"column":4},"end":{"line":56,"column":5}}],"line":52},"3":{"loc":{"start":{"line":58,"column":4},"end":{"line":60,"column":5}},"type":"if","locations":[{"start":{"line":58,"column":4},"end":{"line":60,"column":5}},{"start":{"line":58,"column":4},"end":{"line":60,"column":5}}],"line":58},"4":{"loc":{"start":{"line":63,"column":4},"end":{"line":86,"column":5}},"type":"if","locations":[{"start":{"line":63,"column":4},"end":{"line":86,"column":5}}],"line":63},"5":{"loc":{"start":{"line":63,"column":8},"end":{"line":63,"column":48}},"type":"binary-expr","locations":[{"start":{"line":63,"column":8},"end":{"line":63,"column":35}},{"start":{"line":63,"column":39},"end":{"line":63,"column":48}}],"line":63},"6":{"loc":{"start":{"line":71,"column":22},"end":{"line":71,"column":50}},"type":"cond-expr","locations":[{"start":{"line":71,"column":34},"end":{"line":71,"column":35}},{"start":{"line":71,"column":38},"end":{"line":71,"column":50}}],"line":71},"7":{"loc":{"start":{"line":78,"column":10},"end":{"line":80,"column":66}},"type":"cond-expr","locations":[{"start":{"line":79,"column":14},"end":{"line":79,"column":45}},{"start":{"line":80,"column":14},"end":{"line":80,"column":66}}],"line":78},"8":{"loc":{"start":{"line":113,"column":2},"end":{"line":115,"column":3}},"type":"if","locations":[{"start":{"line":113,"column":2},"end":{"line":115,"column":3}},{"start":{"line":113,"column":2},"end":{"line":115,"column":3}}],"line":113}},"s":{"0":1,"1":29,"2":29,"3":29,"4":29,"5":29,"6":29,"7":29,"8":29,"9":29,"10":29,"11":29,"12":2,"13":3,"14":3,"15":3,"16":3,"17":3,"18":2,"19":2,"20":2,"21":1,"22":2,"23":5,"24":4,"25":4,"26":4,"27":5,"28":1,"29":4,"30":4,"31":4,"32":4,"33":4,"34":4,"35":3,"36":3,"37":3,"38":1,"39":3,"40":29,"41":29,"42":29,"43":1,"44":28,"45":28},"f":{"0":29,"1":2,"2":3,"3":5,"4":29},"b":{"0":[3],"1":[4],"2":[4],"3":[1,4],"4":[4],"5":[4,0],"6":[3,1],"7":[2,1],"8":[1,28]},"_coverageSchema":"1a1c01bbd47fc00a2c39e90264f33305004495a9","hash":"e06fa77a939ec45774e99495041d48afaa4988b9"}
,"C:\\marvelApp\\src\\pages\\Description\\index.js": {"path":"C:\\marvelApp\\src\\pages\\Description\\index.js","statementMap":{"0":{"start":{"line":21,"column":19},"end":{"line":21,"column":30}},"1":{"start":{"line":23,"column":2},"end":{"line":64,"column":4}},"2":{"start":{"line":67,"column":15},"end":{"line":78,"column":2}}},"fnMap":{"0":{"name":"Description","decl":{"start":{"line":20,"column":9},"end":{"line":20,"column":20}},"loc":{"start":{"line":20,"column":23},"end":{"line":65,"column":1}},"line":20}},"branchMap":{"0":{"loc":{"start":{"line":37,"column":11},"end":{"line":42,"column":11}},"type":"binary-expr","locations":[{"start":{"line":37,"column":11},"end":{"line":37,"column":34}},{"start":{"line":38,"column":12},"end":{"line":41,"column":20}}],"line":37}},"s":{"0":1,"1":1,"2":1},"f":{"0":1},"b":{"0":[1,1]},"_coverageSchema":"1a1c01bbd47fc00a2c39e90264f33305004495a9","hash":"013aec282c8df511fe8a534aa20bfa839d0f424f"}
,"C:\\marvelApp\\src\\pages\\Description\\styles.js": {"path":"C:\\marvelApp\\src\\pages\\Description\\styles.js","statementMap":{"0":{"start":{"line":4,"column":25},"end":{"line":7,"column":1}},"1":{"start":{"line":9,"column":23},"end":{"line":11,"column":1}},"2":{"start":{"line":13,"column":22},"end":{"line":16,"column":1}},"3":{"start":{"line":18,"column":23},"end":{"line":21,"column":1}},"4":{"start":{"line":23,"column":20},"end":{"line":28,"column":1}},"5":{"start":{"line":30,"column":21},"end":{"line":32,"column":1}},"6":{"start":{"line":34,"column":28},"end":{"line":37,"column":1}},"7":{"start":{"line":39,"column":31},"end":{"line":42,"column":1}},"8":{"start":{"line":44,"column":27},"end":{"line":48,"column":1}},"9":{"start":{"line":50,"column":37},"end":{"line":52,"column":1}},"10":{"start":{"line":54,"column":20},"end":{"line":57,"column":1}}},"fnMap":{},"branchMap":{},"s":{"0":1,"1":1,"2":1,"3":1,"4":1,"5":1,"6":1,"7":1,"8":1,"9":1,"10":1},"f":{},"b":{},"_coverageSchema":"1a1c01bbd47fc00a2c39e90264f33305004495a9","hash":"4010fcd0cfdbf22d084aab6ef257b8f39c7ca4d5"}
,"C:\\marvelApp\\src\\pages\\Home\\index.js": {"path":"C:\\marvelApp\\src\\pages\\Home\\index.js","statementMap":{"0":{"start":{"line":18,"column":6},"end":{"line":18,"column":17}},"1":{"start":{"line":20,"column":2},"end":{"line":45,"column":4}},"2":{"start":{"line":27,"column":42},"end":{"line":27,"column":66}},"3":{"start":{"line":28,"column":34},"end":{"line":28,"column":43}},"4":{"start":{"line":37,"column":42},"end":{"line":37,"column":66}},"5":{"start":{"line":38,"column":34},"end":{"line":38,"column":43}},"6":{"start":{"line":39,"column":30},"end":{"line":39,"column":49}}},"fnMap":{"0":{"name":"Home","decl":{"start":{"line":11,"column":9},"end":{"line":11,"column":13}},"loc":{"start":{"line":11,"column":16},"end":{"line":46,"column":1}},"line":11},"1":{"name":"(anonymous_1)","decl":{"start":{"line":27,"column":22},"end":{"line":27,"column":23}},"loc":{"start":{"line":27,"column":42},"end":{"line":27,"column":66}},"line":27},"2":{"name":"(anonymous_2)","decl":{"start":{"line":28,"column":24},"end":{"line":28,"column":25}},"loc":{"start":{"line":28,"column":34},"end":{"line":28,"column":43}},"line":28},"3":{"name":"(anonymous_3)","decl":{"start":{"line":37,"column":22},"end":{"line":37,"column":23}},"loc":{"start":{"line":37,"column":42},"end":{"line":37,"column":66}},"line":37},"4":{"name":"(anonymous_4)","decl":{"start":{"line":38,"column":24},"end":{"line":38,"column":25}},"loc":{"start":{"line":38,"column":34},"end":{"line":38,"column":43}},"line":38},"5":{"name":"(anonymous_5)","decl":{"start":{"line":39,"column":24},"end":{"line":39,"column":25}},"loc":{"start":{"line":39,"column":30},"end":{"line":39,"column":49}},"line":39}},"branchMap":{"0":{"loc":{"start":{"line":23,"column":7},"end":{"line":43,"column":7}},"type":"cond-expr","locations":[{"start":{"line":24,"column":8},"end":{"line":32,"column":10}},{"start":{"line":34,"column":8},"end":{"line":42,"column":10}}],"line":23}},"s":{"0":2,"1":2,"2":1,"3":1,"4":1,"5":1,"6":1},"f":{"0":2,"1":1,"2":1,"3":1,"4":1,"5":1},"b":{"0":[1,1]},"_coverageSchema":"1a1c01bbd47fc00a2c39e90264f33305004495a9","hash":"46ebcab645123a2d9aa12a94ec95ab97578a59eb"}
,"C:\\marvelApp\\src\\pages\\Home\\styles.js": {"path":"C:\\marvelApp\\src\\pages\\Home\\styles.js","statementMap":{"0":{"start":{"line":4,"column":25},"end":{"line":7,"column":1}}},"fnMap":{},"branchMap":{},"s":{"0":1},"f":{},"b":{},"_coverageSchema":"1a1c01bbd47fc00a2c39e90264f33305004495a9","hash":"048b38d1a500b01878ba7b6495aef15eb98f687b"}
}
