TN:
SF:src\components\CardHero\index.js
FN:7,CardHero
FN:13,(anonymous_1)
FNF:2
FNH:2
FNDA:4,CardHero
FNDA:1,(anonymous_1)
DA:8,4
DA:9,4
DA:10,4
DA:14,1
DA:15,1
DA:31,2
LF:6
LH:6
BRF:0
BRH:0
end_of_record
TN:
SF:src\components\CardHero\styles.js
FNF:0
FNH:0
DA:4,2
DA:8,2
LF:2
LH:2
BRF:0
BRH:0
end_of_record
TN:
SF:src\components\Loader\index.js
FN:9,Loader
FNF:1
FNH:1
FNDA:4,Loader
DA:10,4
DA:12,4
DA:13,3
DA:16,1
LF:4
LH:4
BRDA:12,0,0,3
BRDA:12,0,1,1
BRF:2
BRH:2
end_of_record
TN:
SF:src\components\Loader\styles.js
FNF:0
FNH:0
DA:3,2
LF:1
LH:1
BRF:0
BRH:0
end_of_record
TN:
SF:src\components\Search\index.js
FN:11,Search
FN:21,(anonymous_1)
FN:27,(anonymous_2)
FNF:3
FNH:3
FNDA:5,Search
FNDA:2,(anonymous_1)
FNDA:1,(anonymous_2)
DA:12,5
DA:13,5
DA:22,2
DA:23,2
DA:24,1
DA:28,1
DA:36,2
LF:7
LH:7
BRDA:23,0,0,1
BRDA:23,0,1,1
BRF:2
BRH:2
end_of_record
TN:
SF:src\components\Search\styles.js
FNF:0
FNH:0
DA:4,2
DA:9,2
LF:2
LH:2
BRF:0
BRH:0
end_of_record
TN:
SF:src\context\Heroes.js
FN:8,HeroesProvider
FN:23,(anonymous_1)
FN:27,loadListHeroes
FN:50,searchHeroes
FN:109,useHeroes
FNF:5
FNH:5
FNDA:19,HeroesProvider
FNDA:2,(anonymous_1)
FNDA:3,loadListHeroes
FNDA:3,searchHeroes
FNDA:20,useHeroes
DA:6,1
DA:9,19
DA:11,19
DA:12,19
DA:13,19
DA:15,19
DA:16,19
DA:17,19
DA:18,19
DA:19,19
DA:21,19
DA:23,19
DA:24,2
DA:29,3
DA:30,3
DA:31,3
DA:32,3
DA:33,3
DA:39,2
DA:41,2
DA:42,2
DA:44,1
DA:46,2
DA:51,3
DA:52,3
DA:53,3
DA:54,3
DA:57,3
DA:58,1
DA:62,2
DA:63,2
DA:64,2
DA:65,2
DA:66,2
DA:67,2
DA:73,1
DA:75,1
DA:76,1
DA:82,1
DA:84,1
DA:88,19
DA:110,20
DA:112,20
DA:113,1
DA:128,19
DA:130,19
LF:46
LH:46
BRDA:29,0,0,3
BRDA:50,1,0,3
BRDA:51,2,0,3
BRDA:51,2,1,0
BRDA:57,3,0,1
BRDA:57,3,1,2
BRDA:62,4,0,2
BRDA:62,5,0,2
BRDA:62,5,1,0
BRDA:70,6,0,2
BRDA:70,6,1,0
BRDA:77,7,0,1
BRDA:77,7,1,0
BRDA:112,8,0,1
BRDA:112,8,1,19
BRF:15
BRH:11
end_of_record
TN:
SF:src\pages\Description\index.js
FN:20,Description
FNF:1
FNH:1
FNDA:1,Description
DA:21,1
DA:23,1
DA:67,1
LF:3
LH:3
BRDA:37,0,0,1
BRDA:37,0,1,1
BRF:2
BRH:2
end_of_record
TN:
SF:src\pages\Description\styles.js
FNF:0
FNH:0
DA:4,1
DA:9,1
DA:13,1
DA:18,1
DA:23,1
DA:30,1
DA:34,1
DA:39,1
DA:44,1
DA:50,1
DA:54,1
LF:11
LH:11
BRF:0
BRH:0
end_of_record
TN:
SF:src\pages\Home\index.js
FN:11,Home
FN:27,(anonymous_1)
FN:28,(anonymous_2)
FN:37,(anonymous_3)
FN:38,(anonymous_4)
FN:39,(anonymous_5)
FNF:6
FNH:6
FNDA:2,Home
FNDA:1,(anonymous_1)
FNDA:1,(anonymous_2)
FNDA:1,(anonymous_3)
FNDA:1,(anonymous_4)
FNDA:1,(anonymous_5)
DA:18,2
DA:20,2
DA:27,1
DA:28,1
DA:37,1
DA:38,1
DA:39,1
LF:7
LH:7
BRDA:23,0,0,1
BRDA:23,0,1,1
BRF:2
BRH:2
end_of_record
TN:
SF:src\pages\Home\styles.js
FNF:0
FNH:0
DA:4,1
LF:1
LH:1
BRF:0
BRH:0
end_of_record
