TN:
SF:src\components\CardHero\index.js
FN:7,CardHero
FN:12,(anonymous_1)
FNF:2
FNH:2
FNDA:4,CardHero
FNDA:1,(anonymous_1)
DA:8,4
DA:9,4
DA:12,1
DA:27,2
LF:4
LH:4
BRF:0
BRH:0
end_of_record
TN:
SF:src\components\CardHero\styles.js
FNF:0
FNH:0
DA:4,2
DA:8,2
LF:2
LH:2
BRF:0
BRH:0
end_of_record
TN:
SF:src\components\Loader\index.js
FN:9,Loader
FNF:1
FNH:1
FNDA:4,Loader
DA:10,4
DA:12,4
DA:13,3
DA:16,1
LF:4
LH:4
BRDA:12,0,0,3
BRDA:12,0,1,1
BRF:2
BRH:2
end_of_record
TN:
SF:src\components\Loader\styles.js
FNF:0
FNH:0
DA:3,2
LF:1
LH:1
BRF:0
BRH:0
end_of_record
TN:
SF:src\components\Search\index.js
FN:11,Search
FN:21,(anonymous_1)
FN:27,(anonymous_2)
FNF:3
FNH:3
FNDA:5,Search
FNDA:2,(anonymous_1)
FNDA:1,(anonymous_2)
DA:12,5
DA:13,5
DA:22,2
DA:23,1
DA:25,2
DA:27,1
DA:34,2
LF:7
LH:7
BRDA:22,0,0,1
BRDA:22,0,1,1
BRF:2
BRH:2
end_of_record
TN:
SF:src\components\Search\styles.js
FNF:0
FNH:0
DA:4,2
DA:9,2
LF:2
LH:2
BRF:0
BRH:0
end_of_record
TN:
SF:src\context\Heroes.js
FN:8,HeroesProvider
FN:21,(anonymous_1)
FN:25,loadListHeroes
FN:48,searchHeroes
FN:100,useHeroes
FNF:5
FNH:5
FNDA:19,HeroesProvider
FNDA:2,(anonymous_1)
FNDA:3,loadListHeroes
FNDA:3,searchHeroes
FNDA:20,useHeroes
DA:6,1
DA:9,19
DA:10,19
DA:11,19
DA:13,19
DA:14,19
DA:15,19
DA:16,19
DA:17,19
DA:19,19
DA:21,19
DA:22,2
DA:26,3
DA:27,3
DA:28,3
DA:29,3
DA:30,3
DA:35,2
DA:36,2
DA:39,2
DA:40,2
DA:42,1
DA:44,2
DA:49,3
DA:50,1
DA:51,1
DA:52,1
DA:53,1
DA:56,2
DA:57,2
DA:58,2
DA:59,2
DA:60,2
DA:61,2
DA:67,1
DA:69,1
DA:70,1
DA:75,1
DA:77,1
DA:81,19
DA:101,20
DA:103,20
DA:104,1
DA:117,19
DA:119,19
LF:45
LH:45
BRDA:26,0,0,3
BRDA:26,0,1,0
BRDA:35,1,0,2
BRDA:35,1,1,0
BRDA:49,2,0,1
BRDA:49,2,1,2
BRDA:56,3,0,2
BRDA:56,3,1,0
BRDA:103,4,0,1
BRDA:103,4,1,19
BRF:10
BRH:7
end_of_record
TN:
SF:src\pages\Description\index.js
FN:20,Description
FNF:1
FNH:1
FNDA:1,Description
DA:21,1
DA:23,0
DA:67,1
LF:3
LH:2
BRDA:37,0,0,0
BRDA:37,0,1,0
BRF:2
BRH:0
end_of_record
TN:
SF:src\pages\Description\styles.js
FNF:0
FNH:0
DA:4,1
DA:9,1
DA:13,1
DA:18,1
DA:23,1
DA:30,1
DA:34,1
DA:39,1
DA:44,1
DA:50,1
DA:54,1
LF:11
LH:11
BRF:0
BRH:0
end_of_record
TN:
SF:src\pages\Home\index.js
FN:11,Home
FN:27,(anonymous_1)
FN:28,(anonymous_2)
FN:37,(anonymous_3)
FN:38,(anonymous_4)
FN:39,(anonymous_5)
FNF:6
FNH:6
FNDA:2,Home
FNDA:1,(anonymous_1)
FNDA:1,(anonymous_2)
FNDA:1,(anonymous_3)
FNDA:1,(anonymous_4)
FNDA:1,(anonymous_5)
DA:18,2
DA:20,2
DA:27,1
DA:28,1
DA:37,1
DA:38,1
DA:39,1
LF:7
LH:7
BRDA:23,0,0,1
BRDA:23,0,1,1
BRF:2
BRH:2
end_of_record
TN:
SF:src\pages\Home\styles.js
FNF:0
FNH:0
DA:4,1
LF:1
LH:1
BRF:0
BRH:0
end_of_record
